
Fri Jul 03 2015 13:50:10 GMT-0300 (BRT)

Operating System
  Name                        = Mac OS X
  Version                     = 10.10.2
  Architecture                = 64bit
  # CPUs                      = 4
  Memory                      = 8589934592

Node.js
  Node.js Version             = 0.10.13
  npm Version                 = 1.3.2

Titanium CLI
  CLI Version                 = 4.0.1

Titanium SDK
  SDK Version                 = 4.0.0.GA
  SDK Path                    = /Users/Mobile/Library/Application Support/Titanium/mobilesdk/osx/4.0.0.GA
  Target Platform             = android

Command
  /usr/local/bin/node /Users/Mobile/.appcelerator/install/4.0.2/package/node_modules/appc-cli-titanium/node_modules/titanium/bin/titanium build --platform android --log-level trace --sdk 4.0.0.GA --project-dir /Users/Mobile/Documents/Appcelerator_Studio_Workspace/TesteMaterial --target emulator --android-sdk /Users/Mobile/Documents/android-sdk-macosx --device-id Google Nexus 5 - 5.0.0 - API 21 - 1080x1920 --skip-js-minify --liveview --deploy-type development --no-colors --no-progress-bars --no-prompt --prompt-type socket-bundle --prompt-port 49236 --plugin-paths /Users/Mobile/.appcelerator/install/4.0.2/package/node_modules --config-file /var/folders/gr/34n0k8_15f55199zgl2kyxl80000gn/T/build-1435942203309.json --no-banner

[DEBUG]  Detecting modules in /Users/Mobile/Library/Application Support/Titanium/modules
[DEBUG]  Detected android module: com.appcelerator.apm 1.1.1 @ /Users/Mobile/Library/Application Support/Titanium/modules/android/com.appcelerator.apm/1.1.1
[DEBUG]  Detected android module: dk.napp.drawer 1.1.2 @ /Users/Mobile/Library/Application Support/Titanium/modules/android/dk.napp.drawer/1.1.2
[DEBUG]  Detected android module: dk.napp.drawer 1.1.3 @ /Users/Mobile/Library/Application Support/Titanium/modules/android/dk.napp.drawer/1.1.3
[DEBUG]  Detected android module: facebook 3.0.2 @ /Users/Mobile/Library/Application Support/Titanium/modules/android/facebook/3.0.2
[DEBUG]  Detected android module: facebook 3.0.3 @ /Users/Mobile/Library/Application Support/Titanium/modules/android/facebook/3.0.3
[DEBUG]  Detected android module: facebook 4.0.3 @ /Users/Mobile/Library/Application Support/Titanium/modules/android/facebook/4.0.3
[DEBUG]  Detected android module: ti.cloudpush 2.0.7 @ /Users/Mobile/Library/Application Support/Titanium/modules/android/ti.cloudpush/2.0.7
[DEBUG]  Detected android module: ti.cloudpush 3.2.1 @ /Users/Mobile/Library/Application Support/Titanium/modules/android/ti.cloudpush/3.2.1
[DEBUG]  Detected android module: ti.cloudpush 3.3.0 @ /Users/Mobile/Library/Application Support/Titanium/modules/android/ti.cloudpush/3.3.0
[DEBUG]  Detected android module: ti.cloudpush 3.3.4 @ /Users/Mobile/Library/Application Support/Titanium/modules/android/ti.cloudpush/3.3.4
[DEBUG]  Detected android module: ti.cloudpush 3.3.7 @ /Users/Mobile/Library/Application Support/Titanium/modules/android/ti.cloudpush/3.3.7
[DEBUG]  Detected android module: ti.cloudpush 3.3.8 @ /Users/Mobile/Library/Application Support/Titanium/modules/android/ti.cloudpush/3.3.8
[DEBUG]  Detected android module: ti.map 2.1.3 @ /Users/Mobile/Library/Application Support/Titanium/modules/android/ti.map/2.1.3
[DEBUG]  Detected android module: ti.map 2.1.4 @ /Users/Mobile/Library/Application Support/Titanium/modules/android/ti.map/2.1.4
[DEBUG]  Detected android module: ti.map 2.2.2 @ /Users/Mobile/Library/Application Support/Titanium/modules/android/ti.map/2.2.2
[DEBUG]  Detected android module: ti.map 2.2.3 @ /Users/Mobile/Library/Application Support/Titanium/modules/android/ti.map/2.2.3
[DEBUG]  Detected android module: ti.map 2.3.0 @ /Users/Mobile/Library/Application Support/Titanium/modules/android/ti.map/2.3.0
[DEBUG]  Detected commonjs module: ti.cloud 2.3.0 @ /Users/Mobile/Library/Application Support/Titanium/modules/commonjs/ti.cloud/2.3.0
[DEBUG]  Detected commonjs module: ti.cloud 3.2.1 @ /Users/Mobile/Library/Application Support/Titanium/modules/commonjs/ti.cloud/3.2.1
[DEBUG]  Detected commonjs module: ti.cloud 3.2.2 @ /Users/Mobile/Library/Application Support/Titanium/modules/commonjs/ti.cloud/3.2.2
[DEBUG]  Detected commonjs module: ti.cloud 3.2.3 @ /Users/Mobile/Library/Application Support/Titanium/modules/commonjs/ti.cloud/3.2.3
[DEBUG]  Detected commonjs module: ti.cloud 3.2.7 @ /Users/Mobile/Library/Application Support/Titanium/modules/commonjs/ti.cloud/3.2.7
[DEBUG]  Detected commonjs module: ti.cloud 3.2.8 @ /Users/Mobile/Library/Application Support/Titanium/modules/commonjs/ti.cloud/3.2.8
[DEBUG]  Detected iphone module: com.appcelerator.apm 1.1.1 @ /Users/Mobile/Library/Application Support/Titanium/modules/iphone/com.appcelerator.apm/1.1.1
[DEBUG]  Detected iphone module: com.appcelerator.urlSession 1.0.0 @ /Users/Mobile/Library/Application Support/Titanium/modules/iphone/com.appcelerator.urlSession/1.0.0
[DEBUG]  Detected iphone module: com.appcelerator.urlSession 1.0.1 @ /Users/Mobile/Library/Application Support/Titanium/modules/iphone/com.appcelerator.urlSession/1.0.1
[DEBUG]  Detected iphone module: com.appcelerator.urlSession 1.1.0 @ /Users/Mobile/Library/Application Support/Titanium/modules/iphone/com.appcelerator.urlSession/1.1.0
[DEBUG]  Detected iphone module: com.appcelerator.urlSession 1.1.1 @ /Users/Mobile/Library/Application Support/Titanium/modules/iphone/com.appcelerator.urlSession/1.1.1
[DEBUG]  Detected iphone module: dk.napp.drawer 1.1.4 @ /Users/Mobile/Library/Application Support/Titanium/modules/iphone/dk.napp.drawer/1.1.4
[DEBUG]  Detected iphone module: dk.napp.drawer 1.1.6 @ /Users/Mobile/Library/Application Support/Titanium/modules/iphone/dk.napp.drawer/1.1.6
[DEBUG]  Detected iphone module: facebook 3.1.1 @ /Users/Mobile/Library/Application Support/Titanium/modules/iphone/facebook/3.1.1
[DEBUG]  Detected iphone module: facebook 3.2.0 @ /Users/Mobile/Library/Application Support/Titanium/modules/iphone/facebook/3.2.0
[DEBUG]  Detected iphone module: facebook 4.0.3 @ /Users/Mobile/Library/Application Support/Titanium/modules/iphone/facebook/4.0.3
[DEBUG]  Detected iphone module: ti.coremotion 1.0.1 @ /Users/Mobile/Library/Application Support/Titanium/modules/iphone/ti.coremotion/1.0.1
[DEBUG]  Detected iphone module: ti.coremotion 1.1.0 @ /Users/Mobile/Library/Application Support/Titanium/modules/iphone/ti.coremotion/1.1.0
[DEBUG]  Detected iphone module: ti.map 2.0.1 @ /Users/Mobile/Library/Application Support/Titanium/modules/iphone/ti.map/2.0.1
[DEBUG]  Detected iphone module: ti.map 2.0.2 @ /Users/Mobile/Library/Application Support/Titanium/modules/iphone/ti.map/2.0.2
[DEBUG]  Detected iphone module: ti.map 2.0.4 @ /Users/Mobile/Library/Application Support/Titanium/modules/iphone/ti.map/2.0.4
[DEBUG]  Detected iphone module: ti.map 2.2.0 @ /Users/Mobile/Library/Application Support/Titanium/modules/iphone/ti.map/2.2.0
[DEBUG]  Detected iphone module: ti.map 2.2.2 @ /Users/Mobile/Library/Application Support/Titanium/modules/iphone/ti.map/2.2.2
[DEBUG]  Detected iphone module: ti.touchid 1.0 @ /Users/Mobile/Library/Application Support/Titanium/modules/iphone/ti.touchid/1.0
[DEBUG]  Detected iphone module: ti.touchid 1.1.0 @ /Users/Mobile/Library/Application Support/Titanium/modules/iphone/ti.touchid/1.1.0
[DEBUG]  Detected tizen module: tizen 3.0.0 @ /Users/Mobile/Library/Application Support/Titanium/modules/tizen/tizen/3.0.0
[DEBUG]  Looking for Titanium module id=ti.cloud version=latest platform=commonjs deploy-type=development
[INFO]   Found Titanium module id=ti.cloud version=3.2.8 platform=commonjs deploy-type=development path=/Users/Mobile/Library/Application Support/Titanium/modules/commonjs/ti.cloud/3.2.8
[DEBUG]  Detecting plugins in /Users/Mobile/Documents/Appcelerator_Studio_Workspace/TesteMaterial/plugins
[DEBUG]  Detected plugin: ti.alloy @ /Users/Mobile/Documents/Appcelerator_Studio_Workspace/TesteMaterial/plugins/ti.alloy
[DEBUG]  Detecting plugins in /Users/Mobile/Library/Application Support/Titanium/plugins
[DEBUG]  Detected plugin: com.appcelerator.test @ /Users/Mobile/Library/Application Support/Titanium/plugins/com.appcelerator.test
[DEBUG]  Looking for Titanium plugin id=ti.alloy version=1.0
[INFO]   Found Titanium plugin id=ti.alloy version=1.0 
[DEBUG]  Titanium SDK Android directory: /Users/Mobile/Library/Application Support/Titanium/mobilesdk/osx/4.0.0.GA/android
[INFO]   Deploy type: development
[INFO]   Building for target: emulator
[INFO]   Building for emulator: Google Nexus 5 - 5.0.0 - API 21 - 1080x1920
[INFO]   Targeting Android SDK: 21
[INFO]   Building for the following architectures: armeabi, armeabi-v7a, x86
[INFO]   Signing with keystore: /Users/Mobile/Library/Application Support/Titanium/mobilesdk/osx/4.0.0.GA/android/dev_keystore (tidev)
[DEBUG]  App ID: com.teste.material.guido
[DEBUG]  Classname: Testematerial
[INFO]   Debugging disabled
[INFO]   Profiler disabled
[INFO]   Forcing rebuild: /Users/Mobile/Documents/Appcelerator_Studio_Workspace/TesteMaterial/build/android/build-manifest.json does not exist
[INFO]   Found Alloy app in /Users/Mobile/Documents/Appcelerator_Studio_Workspace/TesteMaterial/app
[INFO]   Executing Alloy compile: /usr/local/bin/node /Users/Mobile/.appcelerator/install/4.0.2/package/node_modules/appc-cli-titanium/node_modules/.bin/alloy compile /Users/Mobile/Documents/Appcelerator_Studio_Workspace/TesteMaterial/app --config platform=android,version=0,simtype=none,devicefamily=none,deploytype=development,target=emulator --no-colors
[DEBUG]         .__  .__                
[DEBUG]  _____  |  | |  |   ____ ___.__.
[DEBUG]  \__  \ |  | |  |  /  _ <   |  |
[DEBUG]   / __ \|  |_|  |_(  <_> )___  |
[DEBUG]  (____  /____/____/\____// ____|
[DEBUG]       \/                 \/
[DEBUG]  Alloy 1.6.2 by Appcelerator. The MVC app framework for Titanium.
[DEBUG]  ----- CONFIGURATION -----
[DEBUG]  raw config = "platform=android,version=0,simtype=none,devicefamily=none,deploytype=development,target=emulator"
[DEBUG]  platform = android
[DEBUG]  version = 0
[DEBUG]  simtype = none
[DEBUG]  devicefamily = none
[DEBUG]  deploytype = development
[DEBUG]  target = emulator
[DEBUG]  project path = /Users/Mobile/Documents/Appcelerator_Studio_Workspace/TesteMaterial
[DEBUG]  app path = /Users/Mobile/Documents/Appcelerator_Studio_Workspace/TesteMaterial/app
[DEBUG]  
[DEBUG]  ----- CONFIG.JSON -----
[DEBUG]  dependencies = {}
[INFO]   [config.json] config.json unchanged, using cached config.json...
[DEBUG]  {
[DEBUG]  "dependencies": {},
[DEBUG]  "sourcemap": true,
[DEBUG]  "autoStyle": false,
[DEBUG]  "adapters": [
[DEBUG]  "localStorage",
[DEBUG]  "properties",
[DEBUG]  "sql"
[DEBUG]  ]
[DEBUG]  }
[DEBUG]  
[DEBUG]  ----- CLEANING RESOURCES -----
[DEBUG]  Removing orphaned controllers ...
[DEBUG]  Removing orphaned models ...
[DEBUG]  Removing orphaned styles ...
[DEBUG]  Removing orphaned sync adapters...
[DEBUG]  Removing orphaned assets and libs...
[DEBUG]  
[DEBUG]  ----- BASE RUNTIME FILES -----
[TRACE]  SRC_DIR=/Users/Mobile/.appcelerator/install/4.0.2/package/node_modules/appc-cli-titanium/node_modules/alloy/Alloy/lib
[TRACE]  Copying SRC_DIR/alloy/sync/sql.js --> Resources/android/alloy/sync/sql.js
[TRACE]  Copying SRC_DIR/alloy/sync/properties.js --> Resources/android/alloy/sync/properties.js
[TRACE]  Copying SRC_DIR/alloy/sync/localStorage.js --> Resources/android/alloy/sync/localStorage.js
[TRACE]  Copying SRC_DIR/alloy/controllers/BaseController.js --> Resources/android/alloy/controllers/BaseController.js
[TRACE]  Copying SRC_DIR/alloy/widget.js --> Resources/android/alloy/widget.js
[TRACE]  Copying SRC_DIR/alloy/underscore.js --> Resources/android/alloy/underscore.js
[TRACE]  Copying SRC_DIR/alloy.js --> Resources/android/alloy.js
[TRACE]  
[TRACE]  SRC_DIR=/Users/Mobile/.appcelerator/install/4.0.2/package/node_modules/appc-cli-titanium/node_modules/alloy/Alloy/common
[TRACE]  Copying SRC_DIR/constants.js --> Resources/android/alloy/constants.js
[TRACE]  
[TRACE]  SRC_DIR=/Users/Mobile/Documents/Appcelerator_Studio_Workspace/TesteMaterial/app/assets
[TRACE]  
[DEBUG]  
[INFO]   ----- MVC GENERATION -----
[INFO]   [global style] loading from cache...
[INFO]   [index.xml] view processing...
[INFO]   style:      "index.tss"
[INFO]   view:       "index.xml"
[INFO]   controller: "index.js"
[TRACE]  - Processing "builtins" module...
[TRACE]  - Processing "optimizer" module...
[TRACE]  - Processing "compress" module...
[INFO]   created:    "Resources/android/alloy/controllers/index.js"
[DEBUG]  map:        "build/map/Resources/android/alloy/controllers/index.js.map"
[INFO]   created:     "Resources/android/alloy/styles/index.js"
[INFO]   [login.xml] view processing...
[INFO]   style:      "login.tss"
[INFO]   view:       "login.xml"
[INFO]   controller: "login.js"
[TRACE]  - Processing "builtins" module...
[TRACE]  - Processing "optimizer" module...
[TRACE]  - Processing "compress" module...
[INFO]   created:    "Resources/android/alloy/controllers/login.js"
[DEBUG]  map:        "build/map/Resources/android/alloy/controllers/login.js.map"
[INFO]   created:     "Resources/android/alloy/styles/login.js"
[INFO]   
[INFO]   [app.js] using cached app.js...
[INFO]   
[INFO]   ----- OPTIMIZING -----
[INFO]   - android/alloy.js
[TRACE]  processing "builtins" module...
[TRACE]  processing "optimizer" module...
[TRACE]  processing "compress" module...
[INFO]   - android/alloy/sync/localStorage.js
[TRACE]  processing "builtins" module...
[TRACE]  processing "optimizer" module...
[TRACE]  processing "compress" module...
[INFO]   - android/alloy/sync/properties.js
[TRACE]  processing "builtins" module...
[TRACE]  processing "optimizer" module...
[TRACE]  processing "compress" module...
[INFO]   - android/alloy/sync/sql.js
[TRACE]  processing "builtins" module...
[TRACE]  processing "optimizer" module...
[TRACE]  processing "compress" module...
[TRACE]  
[TRACE]  Benchmarking
[TRACE]  ------------
[TRACE]  [0.49844s] TOTAL
[INFO]   
[INFO]   Alloy compiled in 0.49844s
[INFO]   Alloy compiler completed successfully
[INFO]   Launching emulator: Google Nexus 5 - 5.0.0 - API 21 - 1080x1920
[TRACE]  Starting emulator: Google Nexus 5 - 5.0.0 - API 21 - 1080x1920
[TRACE]  Checking if emulator Google Nexus 5 - 5.0.0 - API 21 - 1080x1920 is running...
[TRACE]  Detecting if Google Nexus 5 - 5.0.0 - API 21 - 1080x1920 exists...
[TRACE]  Found 3 emulators
[TRACE]  Emulator exists, detecting all running emulators and connected devices...
[TRACE]  Detected 2 running emulators and connected devices
[TRACE]  Checking 2 devices to see if it's the emulator we want
[TRACE]  The emulator is running
[INFO]   Emulator already running
[TRACE]  Checking the boot state for the next 240000 ms
[TRACE]  Waiting for emulator to register with ADB
[TRACE]  Emulator process started
[DEBUG]  Ignoring /Users/Mobile/Documents/Appcelerator_Studio_Workspace/TesteMaterial/Resources/android
[DEBUG]  Ignoring /Users/Mobile/Documents/Appcelerator_Studio_Workspace/TesteMaterial/Resources/iphone
[DEBUG]  Ignoring /Users/Mobile/Documents/Appcelerator_Studio_Workspace/TesteMaterial/Resources/mobileweb
[WARN]   Overwriting file /Users/Mobile/Documents/Appcelerator_Studio_Workspace/TesteMaterial/build/android/bin/assets/Resources/appicon.png
[DEBUG]  Symlinking /Users/Mobile/Documents/Appcelerator_Studio_Workspace/TesteMaterial/Resources/android/appicon.png => /Users/Mobile/Documents/Appcelerator_Studio_Workspace/TesteMaterial/build/android/bin/assets/Resources/appicon.png
[DEBUG]  Symlinking /Users/Mobile/Documents/Appcelerator_Studio_Workspace/TesteMaterial/Resources/android/default.png => /Users/Mobile/Documents/Appcelerator_Studio_Workspace/TesteMaterial/build/android/res/drawable/background.png
[DEBUG]  Symlinking /Users/Mobile/Documents/Appcelerator_Studio_Workspace/TesteMaterial/Resources/android/images/res-long-land-hdpi/default.png => /Users/Mobile/Documents/Appcelerator_Studio_Workspace/TesteMaterial/build/android/res/drawable-long-land-hdpi/background.png
[DEBUG]  Symlinking /Users/Mobile/Documents/Appcelerator_Studio_Workspace/TesteMaterial/Resources/android/images/res-long-land-ldpi/default.png => /Users/Mobile/Documents/Appcelerator_Studio_Workspace/TesteMaterial/build/android/res/drawable-long-land-ldpi/background.png
[DEBUG]  Symlinking /Users/Mobile/Documents/Appcelerator_Studio_Workspace/TesteMaterial/Resources/android/images/res-long-port-hdpi/default.png => /Users/Mobile/Documents/Appcelerator_Studio_Workspace/TesteMaterial/build/android/res/drawable-long-port-hdpi/background.png
[DEBUG]  Symlinking /Users/Mobile/Documents/Appcelerator_Studio_Workspace/TesteMaterial/Resources/android/images/res-long-port-ldpi/default.png => /Users/Mobile/Documents/Appcelerator_Studio_Workspace/TesteMaterial/build/android/res/drawable-long-port-ldpi/background.png
[DEBUG]  Symlinking /Users/Mobile/Documents/Appcelerator_Studio_Workspace/TesteMaterial/Resources/android/images/res-notlong-land-hdpi/default.png => /Users/Mobile/Documents/Appcelerator_Studio_Workspace/TesteMaterial/build/android/res/drawable-notlong-land-hdpi/background.png
[DEBUG]  Symlinking /Users/Mobile/Documents/Appcelerator_Studio_Workspace/TesteMaterial/Resources/android/images/res-notlong-land-ldpi/default.png => /Users/Mobile/Documents/Appcelerator_Studio_Workspace/TesteMaterial/build/android/res/drawable-notlong-land-ldpi/background.png
[DEBUG]  Symlinking /Users/Mobile/Documents/Appcelerator_Studio_Workspace/TesteMaterial/Resources/android/images/res-notlong-land-mdpi/default.png => /Users/Mobile/Documents/Appcelerator_Studio_Workspace/TesteMaterial/build/android/res/drawable-notlong-land-mdpi/background.png
[DEBUG]  Symlinking /Users/Mobile/Documents/Appcelerator_Studio_Workspace/TesteMaterial/Resources/android/images/res-notlong-port-hdpi/default.png => /Users/Mobile/Documents/Appcelerator_Studio_Workspace/TesteMaterial/build/android/res/drawable-notlong-port-hdpi/background.png
[DEBUG]  Symlinking /Users/Mobile/Documents/Appcelerator_Studio_Workspace/TesteMaterial/Resources/android/images/res-notlong-port-ldpi/default.png => /Users/Mobile/Documents/Appcelerator_Studio_Workspace/TesteMaterial/build/android/res/drawable-notlong-port-ldpi/background.png
[DEBUG]  Symlinking /Users/Mobile/Documents/Appcelerator_Studio_Workspace/TesteMaterial/Resources/android/images/res-notlong-port-mdpi/default.png => /Users/Mobile/Documents/Appcelerator_Studio_Workspace/TesteMaterial/build/android/res/drawable-notlong-port-mdpi/background.png
[DEBUG]  Symlinking /Users/Mobile/Documents/Appcelerator_Studio_Workspace/TesteMaterial/platform/android/res/drawable-hdpi/appicon.png => /Users/Mobile/Documents/Appcelerator_Studio_Workspace/TesteMaterial/build/android/res/drawable-hdpi/appicon.png
[DEBUG]  Symlinking /Users/Mobile/Documents/Appcelerator_Studio_Workspace/TesteMaterial/platform/android/res/drawable-ldpi/appicon.png => /Users/Mobile/Documents/Appcelerator_Studio_Workspace/TesteMaterial/build/android/res/drawable-ldpi/appicon.png
[DEBUG]  Symlinking /Users/Mobile/Documents/Appcelerator_Studio_Workspace/TesteMaterial/platform/android/res/drawable-mdpi/appicon.png => /Users/Mobile/Documents/Appcelerator_Studio_Workspace/TesteMaterial/build/android/res/drawable-mdpi/appicon.png
[DEBUG]  Symlinking /Users/Mobile/Documents/Appcelerator_Studio_Workspace/TesteMaterial/platform/android/res/drawable-xhdpi/appicon.png => /Users/Mobile/Documents/Appcelerator_Studio_Workspace/TesteMaterial/build/android/res/drawable-xhdpi/appicon.png
[DEBUG]  Symlinking /Users/Mobile/Documents/Appcelerator_Studio_Workspace/TesteMaterial/platform/android/res/drawable-xxhdpi/appicon.png => /Users/Mobile/Documents/Appcelerator_Studio_Workspace/TesteMaterial/build/android/res/drawable-xxhdpi/appicon.png
[DEBUG]  Symlinking /Users/Mobile/Documents/Appcelerator_Studio_Workspace/TesteMaterial/platform/android/res/drawable-xxxhdpi/appicon.png => /Users/Mobile/Documents/Appcelerator_Studio_Workspace/TesteMaterial/build/android/res/drawable-xxxhdpi/appicon.png
[DEBUG]  Symlinking /Users/Mobile/Documents/Appcelerator_Studio_Workspace/TesteMaterial/platform/android/res/values/custom_theme.xml => /Users/Mobile/Documents/Appcelerator_Studio_Workspace/TesteMaterial/build/android/res/values/custom_theme.xml
[DEBUG]  Symlinking /Users/Mobile/Documents/Appcelerator_Studio_Workspace/TesteMaterial/platform/android/res/values/material_theme.xml => /Users/Mobile/Documents/Appcelerator_Studio_Workspace/TesteMaterial/build/android/res/values/material_theme.xml
[DEBUG]  Symlinking /Users/Mobile/Documents/Appcelerator_Studio_Workspace/TesteMaterial/build/android/bin/assets/Resources/appicon.png => /Users/Mobile/Documents/Appcelerator_Studio_Workspace/TesteMaterial/build/android/res/drawable/appicon.png
[INFO]   Processing JavaScript files
[WARN]   Overwriting file /Users/Mobile/Documents/Appcelerator_Studio_Workspace/TesteMaterial/build/android/bin/assets/Resources/alloy/CFG.js
[DEBUG]  Symlinking /Users/Mobile/Documents/Appcelerator_Studio_Workspace/TesteMaterial/Resources/android/alloy/CFG.js => /Users/Mobile/Documents/Appcelerator_Studio_Workspace/TesteMaterial/build/android/bin/assets/Resources/alloy/CFG.js
[WARN]   Overwriting file /Users/Mobile/Documents/Appcelerator_Studio_Workspace/TesteMaterial/build/android/bin/assets/Resources/app.js
[DEBUG]  Symlinking /var/folders/gr/34n0k8_15f55199zgl2kyxl80000gn/T/liveview.js => /Users/Mobile/Documents/Appcelerator_Studio_Workspace/TesteMaterial/build/android/bin/assets/Resources/app.js
[WARN]   Overwriting file /Users/Mobile/Documents/Appcelerator_Studio_Workspace/TesteMaterial/build/android/bin/assets/Resources/alloy/backbone.js
[DEBUG]  Symlinking /Users/Mobile/Documents/Appcelerator_Studio_Workspace/TesteMaterial/Resources/android/alloy/backbone.js => /Users/Mobile/Documents/Appcelerator_Studio_Workspace/TesteMaterial/build/android/bin/assets/Resources/alloy/backbone.js
[WARN]   Overwriting file /Users/Mobile/Documents/Appcelerator_Studio_Workspace/TesteMaterial/build/android/bin/assets/Resources/alloy/constants.js
[DEBUG]  Symlinking /Users/Mobile/Documents/Appcelerator_Studio_Workspace/TesteMaterial/Resources/android/alloy/constants.js => /Users/Mobile/Documents/Appcelerator_Studio_Workspace/TesteMaterial/build/android/bin/assets/Resources/alloy/constants.js
[WARN]   Overwriting file /Users/Mobile/Documents/Appcelerator_Studio_Workspace/TesteMaterial/build/android/bin/assets/Resources/alloy/controllers/BaseController.js
[DEBUG]  Symlinking /Users/Mobile/Documents/Appcelerator_Studio_Workspace/TesteMaterial/Resources/android/alloy/controllers/BaseController.js => /Users/Mobile/Documents/Appcelerator_Studio_Workspace/TesteMaterial/build/android/bin/assets/Resources/alloy/controllers/BaseController.js
[WARN]   Overwriting file /Users/Mobile/Documents/Appcelerator_Studio_Workspace/TesteMaterial/build/android/bin/assets/Resources/alloy/controllers/index.js
[DEBUG]  Symlinking /Users/Mobile/Documents/Appcelerator_Studio_Workspace/TesteMaterial/Resources/android/alloy/controllers/index.js => /Users/Mobile/Documents/Appcelerator_Studio_Workspace/TesteMaterial/build/android/bin/assets/Resources/alloy/controllers/index.js
[WARN]   Overwriting file /Users/Mobile/Documents/Appcelerator_Studio_Workspace/TesteMaterial/build/android/bin/assets/Resources/alloy/controllers/login.js
[DEBUG]  Symlinking /Users/Mobile/Documents/Appcelerator_Studio_Workspace/TesteMaterial/Resources/android/alloy/controllers/login.js => /Users/Mobile/Documents/Appcelerator_Studio_Workspace/TesteMaterial/build/android/bin/assets/Resources/alloy/controllers/login.js
[WARN]   Overwriting file /Users/Mobile/Documents/Appcelerator_Studio_Workspace/TesteMaterial/build/android/bin/assets/Resources/alloy/styles/index.js
[DEBUG]  Symlinking /Users/Mobile/Documents/Appcelerator_Studio_Workspace/TesteMaterial/Resources/android/alloy/styles/index.js => /Users/Mobile/Documents/Appcelerator_Studio_Workspace/TesteMaterial/build/android/bin/assets/Resources/alloy/styles/index.js
[WARN]   Overwriting file /Users/Mobile/Documents/Appcelerator_Studio_Workspace/TesteMaterial/build/android/bin/assets/Resources/alloy/styles/login.js
[DEBUG]  Symlinking /Users/Mobile/Documents/Appcelerator_Studio_Workspace/TesteMaterial/Resources/android/alloy/styles/login.js => /Users/Mobile/Documents/Appcelerator_Studio_Workspace/TesteMaterial/build/android/bin/assets/Resources/alloy/styles/login.js
[WARN]   Overwriting file /Users/Mobile/Documents/Appcelerator_Studio_Workspace/TesteMaterial/build/android/bin/assets/Resources/alloy/sync/localStorage.js
[DEBUG]  Symlinking /Users/Mobile/Documents/Appcelerator_Studio_Workspace/TesteMaterial/Resources/android/alloy/sync/localStorage.js => /Users/Mobile/Documents/Appcelerator_Studio_Workspace/TesteMaterial/build/android/bin/assets/Resources/alloy/sync/localStorage.js
[WARN]   Overwriting file /Users/Mobile/Documents/Appcelerator_Studio_Workspace/TesteMaterial/build/android/bin/assets/Resources/alloy/sync/properties.js
[DEBUG]  Symlinking /Users/Mobile/Documents/Appcelerator_Studio_Workspace/TesteMaterial/Resources/android/alloy/sync/properties.js => /Users/Mobile/Documents/Appcelerator_Studio_Workspace/TesteMaterial/build/android/bin/assets/Resources/alloy/sync/properties.js
[WARN]   Overwriting file /Users/Mobile/Documents/Appcelerator_Studio_Workspace/TesteMaterial/build/android/bin/assets/Resources/alloy/sync/sql.js
[DEBUG]  Symlinking /Users/Mobile/Documents/Appcelerator_Studio_Workspace/TesteMaterial/Resources/android/alloy/sync/sql.js => /Users/Mobile/Documents/Appcelerator_Studio_Workspace/TesteMaterial/build/android/bin/assets/Resources/alloy/sync/sql.js
[WARN]   Overwriting file /Users/Mobile/Documents/Appcelerator_Studio_Workspace/TesteMaterial/build/android/bin/assets/Resources/alloy/underscore.js
[DEBUG]  Symlinking /Users/Mobile/Documents/Appcelerator_Studio_Workspace/TesteMaterial/Resources/android/alloy/underscore.js => /Users/Mobile/Documents/Appcelerator_Studio_Workspace/TesteMaterial/build/android/bin/assets/Resources/alloy/underscore.js
[WARN]   Overwriting file /Users/Mobile/Documents/Appcelerator_Studio_Workspace/TesteMaterial/build/android/bin/assets/Resources/alloy/widget.js
[DEBUG]  Symlinking /Users/Mobile/Documents/Appcelerator_Studio_Workspace/TesteMaterial/Resources/android/alloy/widget.js => /Users/Mobile/Documents/Appcelerator_Studio_Workspace/TesteMaterial/build/android/bin/assets/Resources/alloy/widget.js
[WARN]   Overwriting file /Users/Mobile/Documents/Appcelerator_Studio_Workspace/TesteMaterial/build/android/bin/assets/Resources/alloy.js
[DEBUG]  Symlinking /Users/Mobile/Documents/Appcelerator_Studio_Workspace/TesteMaterial/Resources/android/alloy.js => /Users/Mobile/Documents/Appcelerator_Studio_Workspace/TesteMaterial/build/android/bin/assets/Resources/alloy.js
[WARN]   Overwriting file /Users/Mobile/Documents/Appcelerator_Studio_Workspace/TesteMaterial/build/android/bin/assets/Resources/ti.cloud.js
[DEBUG]  Symlinking /Users/Mobile/Library/Application Support/Titanium/modules/commonjs/ti.cloud/3.2.8/ti.cloud.js => /Users/Mobile/Documents/Appcelerator_Studio_Workspace/TesteMaterial/build/android/bin/assets/Resources/ti.cloud.js
[DEBUG]  Adding library /Users/Mobile/Library/Application Support/Titanium/mobilesdk/osx/4.0.0.GA/android/kroll-v8.jar
[DEBUG]  Adding library /Users/Mobile/Library/Application Support/Titanium/mobilesdk/osx/4.0.0.GA/android/modules/titanium-analytics.jar
[DEBUG]  Adding dependency library /Users/Mobile/Library/Application Support/Titanium/mobilesdk/osx/4.0.0.GA/android/aps-analytics.jar
[DEBUG]  Adding library /Users/Mobile/Library/Application Support/Titanium/mobilesdk/osx/4.0.0.GA/android/modules/titanium-android.jar
[DEBUG]  Adding dependency library /Users/Mobile/Library/Application Support/Titanium/mobilesdk/osx/4.0.0.GA/android/jaxen-1.1.1.jar
[DEBUG]  Adding dependency library /Users/Mobile/Library/Application Support/Titanium/mobilesdk/osx/4.0.0.GA/android/ti-commons-codec-1.3.jar
[DEBUG]  Adding dependency library /Users/Mobile/Library/Application Support/Titanium/mobilesdk/osx/4.0.0.GA/android/kroll-common.jar
[DEBUG]  Adding dependency library /Users/Mobile/Library/Application Support/Titanium/mobilesdk/osx/4.0.0.GA/android/titanium.jar
[DEBUG]  Adding library /Users/Mobile/Library/Application Support/Titanium/mobilesdk/osx/4.0.0.GA/android/modules/titanium-app.jar
[DEBUG]  Adding library /Users/Mobile/Library/Application Support/Titanium/mobilesdk/osx/4.0.0.GA/android/modules/titanium-ui.jar
[DEBUG]  Adding dependency library /Users/Mobile/Library/Application Support/Titanium/mobilesdk/osx/4.0.0.GA/android/nineoldandroids-appc-2.4.0.jar
[DEBUG]  Adding library /Users/Mobile/Library/Application Support/Titanium/mobilesdk/osx/4.0.0.GA/android/modules/titanium-filesystem.jar
[DEBUG]  Adding library /Users/Mobile/Library/Application Support/Titanium/mobilesdk/osx/4.0.0.GA/android/modules/titanium-media.jar
[DEBUG]  Adding library /Users/Mobile/Library/Application Support/Titanium/mobilesdk/osx/4.0.0.GA/android/modules/titanium-appcompat.jar
[DEBUG]  Adding dependency library /Users/Mobile/Library/Application Support/Titanium/mobilesdk/osx/4.0.0.GA/android/android-support-v4.jar
[DEBUG]  Adding dependency library /Users/Mobile/Library/Application Support/Titanium/mobilesdk/osx/4.0.0.GA/android/android-support-v7-appcompat.jar
[DEBUG]  Adding library /Users/Mobile/Library/Application Support/Titanium/mobilesdk/osx/4.0.0.GA/android/modules/titanium-locale.jar
[DEBUG]  Adding library /Users/Mobile/Library/Application Support/Titanium/mobilesdk/osx/4.0.0.GA/android/modules/titanium-network.jar
[DEBUG]  Adding dependency library /Users/Mobile/Library/Application Support/Titanium/mobilesdk/osx/4.0.0.GA/android/thirdparty.jar
[DEBUG]  Adding library /Users/Mobile/Library/Application Support/Titanium/mobilesdk/osx/4.0.0.GA/android/modules/titanium-xml.jar
[DEBUG]  Adding library /Users/Mobile/Library/Application Support/Titanium/mobilesdk/osx/4.0.0.GA/android/modules/titanium-utils.jar
[DEBUG]  Adding library /Users/Mobile/Library/Application Support/Titanium/mobilesdk/osx/4.0.0.GA/android/modules/titanium-geolocation.jar
[DEBUG]  Adding library /Users/Mobile/Library/Application Support/Titanium/mobilesdk/osx/4.0.0.GA/android/modules/titanium-accelerometer.jar
[DEBUG]  Adding library /Users/Mobile/Library/Application Support/Titanium/mobilesdk/osx/4.0.0.GA/android/modules/titanium-contacts.jar
[DEBUG]  Adding library /Users/Mobile/Library/Application Support/Titanium/mobilesdk/osx/4.0.0.GA/android/modules/titanium-map.jar
[DEBUG]  Adding library /Users/Mobile/Library/Application Support/Titanium/mobilesdk/osx/4.0.0.GA/android/modules/titanium-gesture.jar
[DEBUG]  Adding library /Users/Mobile/Library/Application Support/Titanium/mobilesdk/osx/4.0.0.GA/android/modules/titanium-calendar.jar
[DEBUG]  Adding library /Users/Mobile/Library/Application Support/Titanium/mobilesdk/osx/4.0.0.GA/android/modules/titanium-platform.jar
[DEBUG]  Adding library /Users/Mobile/Library/Application Support/Titanium/mobilesdk/osx/4.0.0.GA/android/modules/titanium-database.jar
[DEBUG]  Unknown namespace stream, skipping
[DEBUG]  Unknown namespace android.r.anim, skipping
[DEBUG]  Unknown namespace android.r, skipping
[DEBUG]  Unknown namespace api, skipping
[DEBUG]  Unknown namespace platform.displaycaps, skipping
[DEBUG]  Unknown namespace app.deploytype, skipping
[DEBUG]  Unknown namespace ui.ios, skipping
[INFO]   Writing /Users/Mobile/Documents/Appcelerator_Studio_Workspace/TesteMaterial/build/android/bin/assets/app.json
[INFO]   Extracting module resources: /Users/Mobile/Library/Application Support/Titanium/mobilesdk/osx/4.0.0.GA/android/modules/titanium-analytics.res.zip
[TRACE]  Found 2 devices, checking if any of them are the emulator...
[TRACE]  Emulator is running!
[TRACE]  Checking if boot animation has finished...
[DEBUG]  Copying /var/folders/gr/34n0k8_15f55199zgl2kyxl80000gn/T/11563-21960-pslb29/res/values/strings.xml => /Users/Mobile/Documents/Appcelerator_Studio_Workspace/TesteMaterial/build/android/res/values/strings.xml
[INFO]   Extracting module resources: /Users/Mobile/Library/Application Support/Titanium/mobilesdk/osx/4.0.0.GA/android/modules/titanium-android.res.zip
[DEBUG]  Merging /var/folders/gr/34n0k8_15f55199zgl2kyxl80000gn/T/11563-21960-pxmvzw/res/values/strings.xml => /Users/Mobile/Documents/Appcelerator_Studio_Workspace/TesteMaterial/build/android/res/values/strings.xml
[INFO]   Extracting module resources: /Users/Mobile/Library/Application Support/Titanium/mobilesdk/osx/4.0.0.GA/android/modules/titanium-app.res.zip
[TRACE]  Emulator is booted, emitting booted event
[INFO]   Emulator is booted
[INFO]   SD card not required, skipping mount check
[INFO]   Emulator ready!
[DEBUG]  Merging /var/folders/gr/34n0k8_15f55199zgl2kyxl80000gn/T/11563-21960-urkahn/res/values/strings.xml => /Users/Mobile/Documents/Appcelerator_Studio_Workspace/TesteMaterial/build/android/res/values/strings.xml
[INFO]   Extracting module resources: /Users/Mobile/Library/Application Support/Titanium/mobilesdk/osx/4.0.0.GA/android/modules/titanium-filesystem.res.zip
[DEBUG]  Merging /var/folders/gr/34n0k8_15f55199zgl2kyxl80000gn/T/11563-21960-zitxl2/res/values/strings.xml => /Users/Mobile/Documents/Appcelerator_Studio_Workspace/TesteMaterial/build/android/res/values/strings.xml
[INFO]   Extracting module resources: /Users/Mobile/Library/Application Support/Titanium/mobilesdk/osx/4.0.0.GA/android/modules/titanium-media.res.zip
[DEBUG]  Merging /var/folders/gr/34n0k8_15f55199zgl2kyxl80000gn/T/11563-21960-qo758c/res/values/strings.xml => /Users/Mobile/Documents/Appcelerator_Studio_Workspace/TesteMaterial/build/android/res/values/strings.xml
[INFO]   Extracting module resources: /Users/Mobile/Library/Application Support/Titanium/mobilesdk/osx/4.0.0.GA/android/modules/titanium-locale.res.zip
[DEBUG]  Merging /var/folders/gr/34n0k8_15f55199zgl2kyxl80000gn/T/11563-21960-13qo2q2/res/values/strings.xml => /Users/Mobile/Documents/Appcelerator_Studio_Workspace/TesteMaterial/build/android/res/values/strings.xml
[INFO]   Extracting module resources: /Users/Mobile/Library/Application Support/Titanium/mobilesdk/osx/4.0.0.GA/android/modules/titanium-network.res.zip
[DEBUG]  Merging /var/folders/gr/34n0k8_15f55199zgl2kyxl80000gn/T/11563-21960-dqfokw/res/values/strings.xml => /Users/Mobile/Documents/Appcelerator_Studio_Workspace/TesteMaterial/build/android/res/values/strings.xml
[INFO]   Extracting module resources: /Users/Mobile/Library/Application Support/Titanium/mobilesdk/osx/4.0.0.GA/android/modules/titanium-xml.res.zip
[DEBUG]  Merging /var/folders/gr/34n0k8_15f55199zgl2kyxl80000gn/T/11563-21960-b5yd67/res/values/strings.xml => /Users/Mobile/Documents/Appcelerator_Studio_Workspace/TesteMaterial/build/android/res/values/strings.xml
[INFO]   Extracting module resources: /Users/Mobile/Library/Application Support/Titanium/mobilesdk/osx/4.0.0.GA/android/modules/titanium-utils.res.zip
[DEBUG]  Merging /var/folders/gr/34n0k8_15f55199zgl2kyxl80000gn/T/11563-21960-r4rf0y/res/values/strings.xml => /Users/Mobile/Documents/Appcelerator_Studio_Workspace/TesteMaterial/build/android/res/values/strings.xml
[INFO]   Extracting module resources: /Users/Mobile/Library/Application Support/Titanium/mobilesdk/osx/4.0.0.GA/android/modules/titanium-geolocation.res.zip
[DEBUG]  Merging /var/folders/gr/34n0k8_15f55199zgl2kyxl80000gn/T/11563-21960-1hm8om1/res/values/strings.xml => /Users/Mobile/Documents/Appcelerator_Studio_Workspace/TesteMaterial/build/android/res/values/strings.xml
[INFO]   Extracting module resources: /Users/Mobile/Library/Application Support/Titanium/mobilesdk/osx/4.0.0.GA/android/modules/titanium-accelerometer.res.zip
[DEBUG]  Merging /var/folders/gr/34n0k8_15f55199zgl2kyxl80000gn/T/11563-21960-z2dnht/res/values/strings.xml => /Users/Mobile/Documents/Appcelerator_Studio_Workspace/TesteMaterial/build/android/res/values/strings.xml
[INFO]   Extracting module resources: /Users/Mobile/Library/Application Support/Titanium/mobilesdk/osx/4.0.0.GA/android/modules/titanium-contacts.res.zip
[DEBUG]  Merging /var/folders/gr/34n0k8_15f55199zgl2kyxl80000gn/T/11563-21960-iihv4i/res/values/strings.xml => /Users/Mobile/Documents/Appcelerator_Studio_Workspace/TesteMaterial/build/android/res/values/strings.xml
[INFO]   Extracting module resources: /Users/Mobile/Library/Application Support/Titanium/mobilesdk/osx/4.0.0.GA/android/modules/titanium-map.res.zip
[DEBUG]  Merging /var/folders/gr/34n0k8_15f55199zgl2kyxl80000gn/T/11563-21960-e53u5b/res/values/strings.xml => /Users/Mobile/Documents/Appcelerator_Studio_Workspace/TesteMaterial/build/android/res/values/strings.xml
[INFO]   Extracting module resources: /Users/Mobile/Library/Application Support/Titanium/mobilesdk/osx/4.0.0.GA/android/modules/titanium-gesture.res.zip
[DEBUG]  Merging /var/folders/gr/34n0k8_15f55199zgl2kyxl80000gn/T/11563-21960-8kpf3q/res/values/strings.xml => /Users/Mobile/Documents/Appcelerator_Studio_Workspace/TesteMaterial/build/android/res/values/strings.xml
[INFO]   Extracting module resources: /Users/Mobile/Library/Application Support/Titanium/mobilesdk/osx/4.0.0.GA/android/modules/titanium-calendar.res.zip
[DEBUG]  Merging /var/folders/gr/34n0k8_15f55199zgl2kyxl80000gn/T/11563-21960-1d4ick7/res/values/strings.xml => /Users/Mobile/Documents/Appcelerator_Studio_Workspace/TesteMaterial/build/android/res/values/strings.xml
[INFO]   Extracting module resources: /Users/Mobile/Library/Application Support/Titanium/mobilesdk/osx/4.0.0.GA/android/modules/titanium-platform.res.zip
[DEBUG]  Merging /var/folders/gr/34n0k8_15f55199zgl2kyxl80000gn/T/11563-21960-1laguh8/res/values/strings.xml => /Users/Mobile/Documents/Appcelerator_Studio_Workspace/TesteMaterial/build/android/res/values/strings.xml
[INFO]   Extracting module resources: /Users/Mobile/Library/Application Support/Titanium/mobilesdk/osx/4.0.0.GA/android/modules/titanium-database.res.zip
[DEBUG]  Merging /var/folders/gr/34n0k8_15f55199zgl2kyxl80000gn/T/11563-21960-6t1a4h/res/values/strings.xml => /Users/Mobile/Documents/Appcelerator_Studio_Workspace/TesteMaterial/build/android/res/values/strings.xml
[DEBUG]  Removing old file: /Users/Mobile/Documents/Appcelerator_Studio_Workspace/TesteMaterial/build/android/AndroidManifest.xml
[DEBUG]  Copying template /Users/Mobile/Library/Application Support/Titanium/mobilesdk/osx/4.0.0.GA/android/templates/build/AppInfo.java => /Users/Mobile/Documents/Appcelerator_Studio_Workspace/TesteMaterial/build/android/gen/com/teste/material/guido/TestematerialAppInfo.java
[DEBUG]  Copying template /Users/Mobile/Library/Application Support/Titanium/mobilesdk/osx/4.0.0.GA/android/templates/build/App.java => /Users/Mobile/Documents/Appcelerator_Studio_Workspace/TesteMaterial/build/android/gen/com/teste/material/guido/TestematerialApplication.java
[DEBUG]  Copying template /Users/Mobile/Library/Application Support/Titanium/mobilesdk/osx/4.0.0.GA/android/templates/build/Activity.java => /Users/Mobile/Documents/Appcelerator_Studio_Workspace/TesteMaterial/build/android/gen/com/teste/material/guido/TestematerialActivity.java
[DEBUG]  Copying template /Users/Mobile/Library/Application Support/Titanium/mobilesdk/osx/4.0.0.GA/android/templates/build/project => /Users/Mobile/Documents/Appcelerator_Studio_Workspace/TesteMaterial/build/android/.project
[DEBUG]  Copying template /Users/Mobile/Library/Application Support/Titanium/mobilesdk/osx/4.0.0.GA/android/templates/build/default.properties => /Users/Mobile/Documents/Appcelerator_Studio_Workspace/TesteMaterial/build/android/default.properties
[DEBUG]  Copying /Users/Mobile/Library/Application Support/Titanium/mobilesdk/osx/4.0.0.GA/android/templates/build/gitignore => /Users/Mobile/Documents/Appcelerator_Studio_Workspace/TesteMaterial/build/android/.gitignore
[DEBUG]  Copying /Users/Mobile/Library/Application Support/Titanium/mobilesdk/osx/4.0.0.GA/android/templates/build/classpath => /Users/Mobile/Documents/Appcelerator_Studio_Workspace/TesteMaterial/build/android/.classpath
[INFO]   No aidl files to compile, continuing
[INFO]   Generating i18n files
[DEBUG]  Merging en strings => /Users/Mobile/Documents/Appcelerator_Studio_Workspace/TesteMaterial/build/android/res/values/strings.xml
[INFO]   Generating /Users/Mobile/Documents/Appcelerator_Studio_Workspace/TesteMaterial/build/android/res/values/theme.xml
[INFO]   Packaging application: /Users/Mobile/Documents/android-sdk-macosx/build-tools/20.0.0/aapt "package" "-f" "-m" "-J" "/Users/Mobile/Documents/Appcelerator_Studio_Workspace/TesteMaterial/build/android/gen" "-M" "/Users/Mobile/Documents/Appcelerator_Studio_Workspace/TesteMaterial/build/android/AndroidManifest.xml" "-A" "/Users/Mobile/Documents/Appcelerator_Studio_Workspace/TesteMaterial/build/android/bin/assets" "-S" "/Users/Mobile/Documents/Appcelerator_Studio_Workspace/TesteMaterial/build/android/res" "-I" "/Users/Mobile/Documents/android-sdk-macosx/platforms/android-21/android.jar" "-F" "/Users/Mobile/Documents/Appcelerator_Studio_Workspace/TesteMaterial/build/android/bin/app.ap_" "--auto-add-overlay" "--extra-packages" "ti.modules.titanium.ui:android.support.v7.appcompat" "-S" "/var/folders/gr/34n0k8_15f55199zgl2kyxl80000gn/T/11563-21960-skk43j/res" "-S" "/var/folders/gr/34n0k8_15f55199zgl2kyxl80000gn/T/11563-21960-fzbo6p/res"
[INFO]   Building Java source files: /Library/Java/JavaVirtualMachines/jdk1.7.0_80.jdk/Contents/Home/bin/javac "-J-Xmx256M" "-encoding" "utf8" "-bootclasspath" "/Users/Mobile/Documents/android-sdk-macosx/platforms/android-21/android.jar:/Users/Mobile/Library/Application Support/Titanium/mobilesdk/osx/4.0.0.GA/android/kroll-v8.jar:/Users/Mobile/Library/Application Support/Titanium/mobilesdk/osx/4.0.0.GA/android/modules/titanium-analytics.jar:/Users/Mobile/Library/Application Support/Titanium/mobilesdk/osx/4.0.0.GA/android/aps-analytics.jar:/Users/Mobile/Library/Application Support/Titanium/mobilesdk/osx/4.0.0.GA/android/modules/titanium-android.jar:/Users/Mobile/Library/Application Support/Titanium/mobilesdk/osx/4.0.0.GA/android/jaxen-1.1.1.jar:/Users/Mobile/Library/Application Support/Titanium/mobilesdk/osx/4.0.0.GA/android/ti-commons-codec-1.3.jar:/Users/Mobile/Library/Application Support/Titanium/mobilesdk/osx/4.0.0.GA/android/kroll-common.jar:/Users/Mobile/Library/Application Support/Titanium/mobilesdk/osx/4.0.0.GA/android/titanium.jar:/Users/Mobile/Library/Application Support/Titanium/mobilesdk/osx/4.0.0.GA/android/modules/titanium-app.jar:/Users/Mobile/Library/Application Support/Titanium/mobilesdk/osx/4.0.0.GA/android/modules/titanium-ui.jar:/Users/Mobile/Library/Application Support/Titanium/mobilesdk/osx/4.0.0.GA/android/nineoldandroids-appc-2.4.0.jar:/Users/Mobile/Library/Application Support/Titanium/mobilesdk/osx/4.0.0.GA/android/modules/titanium-filesystem.jar:/Users/Mobile/Library/Application Support/Titanium/mobilesdk/osx/4.0.0.GA/android/modules/titanium-media.jar:/Users/Mobile/Library/Application Support/Titanium/mobilesdk/osx/4.0.0.GA/android/modules/titanium-appcompat.jar:/Users/Mobile/Library/Application Support/Titanium/mobilesdk/osx/4.0.0.GA/android/android-support-v4.jar:/Users/Mobile/Library/Application Support/Titanium/mobilesdk/osx/4.0.0.GA/android/android-support-v7-appcompat.jar:/Users/Mobile/Library/Application Support/Titanium/mobilesdk/osx/4.0.0.GA/android/modules/titanium-locale.jar:/Users/Mobile/Library/Application Support/Titanium/mobilesdk/osx/4.0.0.GA/android/modules/titanium-network.jar:/Users/Mobile/Library/Application Support/Titanium/mobilesdk/osx/4.0.0.GA/android/thirdparty.jar:/Users/Mobile/Library/Application Support/Titanium/mobilesdk/osx/4.0.0.GA/android/modules/titanium-xml.jar:/Users/Mobile/Library/Application Support/Titanium/mobilesdk/osx/4.0.0.GA/android/modules/titanium-utils.jar:/Users/Mobile/Library/Application Support/Titanium/mobilesdk/osx/4.0.0.GA/android/modules/titanium-geolocation.jar:/Users/Mobile/Library/Application Support/Titanium/mobilesdk/osx/4.0.0.GA/android/modules/titanium-accelerometer.jar:/Users/Mobile/Library/Application Support/Titanium/mobilesdk/osx/4.0.0.GA/android/modules/titanium-contacts.jar:/Users/Mobile/Library/Application Support/Titanium/mobilesdk/osx/4.0.0.GA/android/modules/titanium-map.jar:/Users/Mobile/Library/Application Support/Titanium/mobilesdk/osx/4.0.0.GA/android/modules/titanium-gesture.jar:/Users/Mobile/Library/Application Support/Titanium/mobilesdk/osx/4.0.0.GA/android/modules/titanium-calendar.jar:/Users/Mobile/Library/Application Support/Titanium/mobilesdk/osx/4.0.0.GA/android/modules/titanium-platform.jar:/Users/Mobile/Library/Application Support/Titanium/mobilesdk/osx/4.0.0.GA/android/modules/titanium-database.jar:/Users/Mobile/Library/Application Support/Titanium/mobilesdk/osx/4.0.0.GA/android/lib/titanium-verify.jar:R.class:ApplicationStylesheet.class:TestematerialActivity.class:TestematerialAppInfo.class:TestematerialApplication.class" "-d" "/Users/Mobile/Documents/Appcelerator_Studio_Workspace/TesteMaterial/build/android/bin/classes" "-proc:none" "-target" "1.6" "-source" "1.6" "@/Users/Mobile/Documents/Appcelerator_Studio_Workspace/TesteMaterial/build/android/java-sources.txt"
[INFO]   Running dexer: /Library/Java/JavaVirtualMachines/jdk1.7.0_80.jdk/Contents/Home/bin/java "-Xmx1024M" "-XX:-UseGCOverheadLimit" "-Djava.ext.dirs=/Users/Mobile/Documents/android-sdk-macosx/platform-tools" "-jar" "/Users/Mobile/Documents/android-sdk-macosx/build-tools/20.0.0/lib/dx.jar" "--dex" "--output=/Users/Mobile/Documents/Appcelerator_Studio_Workspace/TesteMaterial/build/android/bin/classes.dex" "/Users/Mobile/Documents/Appcelerator_Studio_Workspace/TesteMaterial/build/android/bin/classes" "/Users/Mobile/Library/Application Support/Titanium/mobilesdk/osx/4.0.0.GA/android/lib/titanium-verify.jar" "/Users/Mobile/Library/Application Support/Titanium/mobilesdk/osx/4.0.0.GA/android/kroll-v8.jar" "/Users/Mobile/Library/Application Support/Titanium/mobilesdk/osx/4.0.0.GA/android/modules/titanium-analytics.jar" "/Users/Mobile/Library/Application Support/Titanium/mobilesdk/osx/4.0.0.GA/android/aps-analytics.jar" "/Users/Mobile/Library/Application Support/Titanium/mobilesdk/osx/4.0.0.GA/android/modules/titanium-android.jar" "/Users/Mobile/Library/Application Support/Titanium/mobilesdk/osx/4.0.0.GA/android/jaxen-1.1.1.jar" "/Users/Mobile/Library/Application Support/Titanium/mobilesdk/osx/4.0.0.GA/android/ti-commons-codec-1.3.jar" "/Users/Mobile/Library/Application Support/Titanium/mobilesdk/osx/4.0.0.GA/android/kroll-common.jar" "/Users/Mobile/Library/Application Support/Titanium/mobilesdk/osx/4.0.0.GA/android/titanium.jar" "/Users/Mobile/Library/Application Support/Titanium/mobilesdk/osx/4.0.0.GA/android/modules/titanium-app.jar" "/Users/Mobile/Library/Application Support/Titanium/mobilesdk/osx/4.0.0.GA/android/modules/titanium-ui.jar" "/Users/Mobile/Library/Application Support/Titanium/mobilesdk/osx/4.0.0.GA/android/nineoldandroids-appc-2.4.0.jar" "/Users/Mobile/Library/Application Support/Titanium/mobilesdk/osx/4.0.0.GA/android/modules/titanium-filesystem.jar" "/Users/Mobile/Library/Application Support/Titanium/mobilesdk/osx/4.0.0.GA/android/modules/titanium-media.jar" "/Users/Mobile/Library/Application Support/Titanium/mobilesdk/osx/4.0.0.GA/android/modules/titanium-appcompat.jar" "/Users/Mobile/Library/Application Support/Titanium/mobilesdk/osx/4.0.0.GA/android/android-support-v4.jar" "/Users/Mobile/Library/Application Support/Titanium/mobilesdk/osx/4.0.0.GA/android/android-support-v7-appcompat.jar" "/Users/Mobile/Library/Application Support/Titanium/mobilesdk/osx/4.0.0.GA/android/modules/titanium-locale.jar" "/Users/Mobile/Library/Application Support/Titanium/mobilesdk/osx/4.0.0.GA/android/modules/titanium-network.jar" "/Users/Mobile/Library/Application Support/Titanium/mobilesdk/osx/4.0.0.GA/android/thirdparty.jar" "/Users/Mobile/Library/Application Support/Titanium/mobilesdk/osx/4.0.0.GA/android/modules/titanium-xml.jar" "/Users/Mobile/Library/Application Support/Titanium/mobilesdk/osx/4.0.0.GA/android/modules/titanium-utils.jar" "/Users/Mobile/Library/Application Support/Titanium/mobilesdk/osx/4.0.0.GA/android/modules/titanium-geolocation.jar" "/Users/Mobile/Library/Application Support/Titanium/mobilesdk/osx/4.0.0.GA/android/modules/titanium-accelerometer.jar" "/Users/Mobile/Library/Application Support/Titanium/mobilesdk/osx/4.0.0.GA/android/modules/titanium-contacts.jar" "/Users/Mobile/Library/Application Support/Titanium/mobilesdk/osx/4.0.0.GA/android/modules/titanium-map.jar" "/Users/Mobile/Library/Application Support/Titanium/mobilesdk/osx/4.0.0.GA/android/modules/titanium-gesture.jar" "/Users/Mobile/Library/Application Support/Titanium/mobilesdk/osx/4.0.0.GA/android/modules/titanium-calendar.jar" "/Users/Mobile/Library/Application Support/Titanium/mobilesdk/osx/4.0.0.GA/android/modules/titanium-platform.jar" "/Users/Mobile/Library/Application Support/Titanium/mobilesdk/osx/4.0.0.GA/android/modules/titanium-database.jar"
[INFO]   Creating unsigned apk
[DEBUG]  Processing /Users/Mobile/Documents/Appcelerator_Studio_Workspace/TesteMaterial/build/android/bin/app.ap_
[DEBUG]  Deflating assets/Resources/alloy/controllers/BaseController.js
[DEBUG]  Deflating assets/Resources/alloy/controllers/index.js
[DEBUG]  Deflating assets/Resources/alloy/controllers/login.js
[DEBUG]  Deflating assets/Resources/alloy/styles/index.js
[DEBUG]  Deflating assets/Resources/alloy/styles/login.js
[DEBUG]  Deflating assets/Resources/alloy/sync/localStorage.js
[DEBUG]  Deflating assets/Resources/alloy/sync/properties.js
[DEBUG]  Deflating assets/Resources/alloy/sync/sql.js
[DEBUG]  Deflating assets/Resources/alloy/CFG.js
[DEBUG]  Deflating assets/Resources/alloy/backbone.js
[DEBUG]  Deflating assets/Resources/alloy/constants.js
[DEBUG]  Deflating assets/Resources/alloy/underscore.js
[DEBUG]  Deflating assets/Resources/alloy/widget.js
[DEBUG]  Deflating assets/Resources/_app_props_.json
[DEBUG]  Deflating assets/Resources/alloy.js
[DEBUG]  Deflating assets/Resources/app.js
[DEBUG]  Adding assets/Resources/appicon.png
[DEBUG]  Deflating assets/Resources/ti.cloud.js
[DEBUG]  Deflating assets/app.json
[DEBUG]  Deflating assets/index.json
[DEBUG]  Deflating res/anim/abc_fade_in.xml
[DEBUG]  Deflating res/anim/abc_fade_out.xml
[DEBUG]  Deflating res/anim/abc_slide_in_bottom.xml
[DEBUG]  Deflating res/anim/abc_slide_in_top.xml
[DEBUG]  Deflating res/anim/abc_slide_out_bottom.xml
[DEBUG]  Deflating res/anim/abc_slide_out_top.xml
[DEBUG]  Deflating res/color/abc_background_cache_hint_selector_material_dark.xml
[DEBUG]  Deflating res/color/abc_background_cache_hint_selector_material_light.xml
[DEBUG]  Deflating res/color/abc_primary_text_disable_only_material_dark.xml
[DEBUG]  Deflating res/color/abc_primary_text_disable_only_material_light.xml
[DEBUG]  Deflating res/color/abc_primary_text_material_dark.xml
[DEBUG]  Deflating res/color/abc_primary_text_material_light.xml
[DEBUG]  Deflating res/color/abc_search_url_text.xml
[DEBUG]  Deflating res/color/abc_secondary_text_material_dark.xml
[DEBUG]  Deflating res/color/abc_secondary_text_material_light.xml
[DEBUG]  Deflating res/drawable/abc_btn_check_material.xml
[DEBUG]  Deflating res/drawable/abc_btn_radio_material.xml
[DEBUG]  Deflating res/drawable/abc_cab_background_internal_bg.xml
[DEBUG]  Deflating res/drawable/abc_cab_background_top_material.xml
[DEBUG]  Deflating res/drawable/abc_edit_text_material.xml
[DEBUG]  Deflating res/drawable/abc_item_background_holo_dark.xml
[DEBUG]  Deflating res/drawable/abc_item_background_holo_light.xml
[DEBUG]  Deflating res/drawable/abc_list_selector_background_transition_holo_dark.xml
[DEBUG]  Deflating res/drawable/abc_list_selector_background_transition_holo_light.xml
[DEBUG]  Deflating res/drawable/abc_list_selector_holo_dark.xml
[DEBUG]  Deflating res/drawable/abc_list_selector_holo_light.xml
[DEBUG]  Deflating res/drawable/abc_switch_thumb_material.xml
[DEBUG]  Deflating res/drawable/abc_tab_indicator_material.xml
[DEBUG]  Deflating res/drawable/abc_textfield_search_material.xml
[DEBUG]  Adding res/drawable/appicon.png
[DEBUG]  Adding res/drawable/background.png
[DEBUG]  Adding res/drawable/btn_check_buttonless_on_64.png
[DEBUG]  Adding res/drawable/btn_more_64.png
[DEBUG]  Adding res/drawable/disclosure_64.png
[DEBUG]  Deflating res/layout/abc_action_bar_title_item.xml
[DEBUG]  Deflating res/layout/abc_action_bar_up_container.xml
[DEBUG]  Deflating res/layout/abc_action_bar_view_list_nav_layout.xml
[DEBUG]  Deflating res/layout/abc_action_menu_item_layout.xml
[DEBUG]  Deflating res/layout/abc_action_menu_layout.xml
[DEBUG]  Deflating res/layout/abc_action_mode_bar.xml
[DEBUG]  Deflating res/layout/abc_action_mode_close_item_material.xml
[DEBUG]  Deflating res/layout/abc_activity_chooser_view.xml
[DEBUG]  Deflating res/layout/abc_activity_chooser_view_include.xml
[DEBUG]  Deflating res/layout/abc_activity_chooser_view_list_item.xml
[DEBUG]  Deflating res/layout/abc_expanded_menu_layout.xml
[DEBUG]  Deflating res/layout/abc_list_menu_item_checkbox.xml
[DEBUG]  Deflating res/layout/abc_list_menu_item_icon.xml
[DEBUG]  Deflating res/layout/abc_list_menu_item_layout.xml
[DEBUG]  Deflating res/layout/abc_list_menu_item_radio.xml
[DEBUG]  Deflating res/layout/abc_popup_menu_item_layout.xml
[DEBUG]  Deflating res/layout/abc_screen_content_include.xml
[DEBUG]  Deflating res/layout/abc_screen_simple.xml
[DEBUG]  Deflating res/layout/abc_screen_simple_overlay_action_mode.xml
[DEBUG]  Deflating res/layout/abc_screen_toolbar.xml
[DEBUG]  Deflating res/layout/abc_search_dropdown_item_icons_2line.xml
[DEBUG]  Deflating res/layout/abc_search_view.xml
[DEBUG]  Deflating res/layout/abc_simple_dropdown_hint.xml
[DEBUG]  Deflating res/layout/support_simple_spinner_dropdown_item.xml
[DEBUG]  Deflating res/layout/titanium_tabgroup.xml
[DEBUG]  Deflating res/layout/titanium_ui_checkbox.xml
[DEBUG]  Deflating res/layout/titanium_ui_edittext.xml
[DEBUG]  Deflating res/layout/titanium_ui_list_header_or_footer.xml
[DEBUG]  Deflating res/layout/titanium_ui_list_item.xml
[DEBUG]  Deflating res/layout/titanium_ui_spinner.xml
[DEBUG]  Deflating res/layout/titanium_ui_switchcompat.xml
[DEBUG]  Deflating AndroidManifest.xml
[DEBUG]  Deflating resources.arsc
[DEBUG]  Deflating res/layout-v11/abc_screen_content_include.xml
[DEBUG]  Adding res/drawable-hdpi/abc_ab_share_pack_holo_dark.9.png
[DEBUG]  Adding res/drawable-hdpi/abc_ab_share_pack_holo_light.9.png
[DEBUG]  Adding res/drawable-hdpi/abc_btn_check_to_on_mtrl_000.png
[DEBUG]  Adding res/drawable-hdpi/abc_btn_check_to_on_mtrl_015.png
[DEBUG]  Adding res/drawable-hdpi/abc_btn_radio_to_on_mtrl_000.png
[DEBUG]  Adding res/drawable-hdpi/abc_btn_radio_to_on_mtrl_015.png
[DEBUG]  Adding res/drawable-hdpi/abc_btn_switch_to_on_mtrl_00001.9.png
[DEBUG]  Adding res/drawable-hdpi/abc_btn_switch_to_on_mtrl_00012.9.png
[DEBUG]  Adding res/drawable-hdpi/abc_cab_background_top_mtrl_alpha.9.png
[DEBUG]  Adding res/drawable-hdpi/abc_ic_ab_back_mtrl_am_alpha.png
[DEBUG]  Adding res/drawable-hdpi/abc_ic_clear_mtrl_alpha.png
[DEBUG]  Adding res/drawable-hdpi/abc_ic_commit_search_api_mtrl_alpha.png
[DEBUG]  Adding res/drawable-hdpi/abc_ic_go_search_api_mtrl_alpha.png
[DEBUG]  Adding res/drawable-hdpi/abc_ic_menu_copy_mtrl_am_alpha.png
[DEBUG]  Adding res/drawable-hdpi/abc_ic_menu_cut_mtrl_alpha.png
[DEBUG]  Adding res/drawable-hdpi/abc_ic_menu_moreoverflow_mtrl_alpha.png
[DEBUG]  Adding res/drawable-hdpi/abc_ic_menu_paste_mtrl_am_alpha.png
[DEBUG]  Adding res/drawable-hdpi/abc_ic_menu_selectall_mtrl_alpha.png
[DEBUG]  Adding res/drawable-hdpi/abc_ic_menu_share_mtrl_alpha.png
[DEBUG]  Adding res/drawable-hdpi/abc_ic_search_api_mtrl_alpha.png
[DEBUG]  Adding res/drawable-hdpi/abc_ic_voice_search_api_mtrl_alpha.png
[DEBUG]  Adding res/drawable-hdpi/abc_list_divider_mtrl_alpha.9.png
[DEBUG]  Adding res/drawable-hdpi/abc_list_focused_holo.9.png
[DEBUG]  Adding res/drawable-hdpi/abc_list_longpressed_holo.9.png
[DEBUG]  Adding res/drawable-hdpi/abc_list_pressed_holo_dark.9.png
[DEBUG]  Adding res/drawable-hdpi/abc_list_pressed_holo_light.9.png
[DEBUG]  Adding res/drawable-hdpi/abc_list_selector_disabled_holo_dark.9.png
[DEBUG]  Adding res/drawable-hdpi/abc_list_selector_disabled_holo_light.9.png
[DEBUG]  Adding res/drawable-hdpi/abc_menu_hardkey_panel_mtrl_mult.9.png
[DEBUG]  Adding res/drawable-hdpi/abc_popup_background_mtrl_mult.9.png
[DEBUG]  Adding res/drawable-hdpi/abc_spinner_mtrl_am_alpha.9.png
[DEBUG]  Adding res/drawable-hdpi/abc_switch_track_mtrl_alpha.9.png
[DEBUG]  Adding res/drawable-hdpi/abc_tab_indicator_mtrl_alpha.9.png
[DEBUG]  Adding res/drawable-hdpi/abc_textfield_activated_mtrl_alpha.9.png
[DEBUG]  Adding res/drawable-hdpi/abc_textfield_default_mtrl_alpha.9.png
[DEBUG]  Adding res/drawable-hdpi/abc_textfield_search_activated_mtrl_alpha.9.png
[DEBUG]  Adding res/drawable-hdpi/abc_textfield_search_default_mtrl_alpha.9.png
[DEBUG]  Adding res/drawable-hdpi/appicon.png
[DEBUG]  Adding res/drawable-ldpi/appicon.png
[DEBUG]  Adding res/drawable-mdpi/abc_ab_share_pack_holo_dark.9.png
[DEBUG]  Adding res/drawable-mdpi/abc_ab_share_pack_holo_light.9.png
[DEBUG]  Adding res/drawable-mdpi/abc_btn_check_to_on_mtrl_000.png
[DEBUG]  Adding res/drawable-mdpi/abc_btn_check_to_on_mtrl_015.png
[DEBUG]  Adding res/drawable-mdpi/abc_btn_radio_to_on_mtrl_000.png
[DEBUG]  Adding res/drawable-mdpi/abc_btn_radio_to_on_mtrl_015.png
[DEBUG]  Adding res/drawable-mdpi/abc_btn_switch_to_on_mtrl_00001.9.png
[DEBUG]  Adding res/drawable-mdpi/abc_btn_switch_to_on_mtrl_00012.9.png
[DEBUG]  Adding res/drawable-mdpi/abc_cab_background_top_mtrl_alpha.9.png
[DEBUG]  Adding res/drawable-mdpi/abc_ic_ab_back_mtrl_am_alpha.png
[DEBUG]  Adding res/drawable-mdpi/abc_ic_clear_mtrl_alpha.png
[DEBUG]  Adding res/drawable-mdpi/abc_ic_commit_search_api_mtrl_alpha.png
[DEBUG]  Adding res/drawable-mdpi/abc_ic_go_search_api_mtrl_alpha.png
[DEBUG]  Adding res/drawable-mdpi/abc_ic_menu_copy_mtrl_am_alpha.png
[DEBUG]  Adding res/drawable-mdpi/abc_ic_menu_cut_mtrl_alpha.png
[DEBUG]  Adding res/drawable-mdpi/abc_ic_menu_moreoverflow_mtrl_alpha.png
[DEBUG]  Adding res/drawable-mdpi/abc_ic_menu_paste_mtrl_am_alpha.png
[DEBUG]  Adding res/drawable-mdpi/abc_ic_menu_selectall_mtrl_alpha.png
[DEBUG]  Adding res/drawable-mdpi/abc_ic_menu_share_mtrl_alpha.png
[DEBUG]  Adding res/drawable-mdpi/abc_ic_search_api_mtrl_alpha.png
[DEBUG]  Adding res/drawable-mdpi/abc_ic_voice_search_api_mtrl_alpha.png
[DEBUG]  Adding res/drawable-mdpi/abc_list_divider_mtrl_alpha.9.png
[DEBUG]  Adding res/drawable-mdpi/abc_list_focused_holo.9.png
[DEBUG]  Adding res/drawable-mdpi/abc_list_longpressed_holo.9.png
[DEBUG]  Adding res/drawable-mdpi/abc_list_pressed_holo_dark.9.png
[DEBUG]  Adding res/drawable-mdpi/abc_list_pressed_holo_light.9.png
[DEBUG]  Adding res/drawable-mdpi/abc_list_selector_disabled_holo_dark.9.png
[DEBUG]  Adding res/drawable-mdpi/abc_list_selector_disabled_holo_light.9.png
[DEBUG]  Adding res/drawable-mdpi/abc_menu_hardkey_panel_mtrl_mult.9.png
[DEBUG]  Adding res/drawable-mdpi/abc_popup_background_mtrl_mult.9.png
[DEBUG]  Adding res/drawable-mdpi/abc_spinner_mtrl_am_alpha.9.png
[DEBUG]  Adding res/drawable-mdpi/abc_switch_track_mtrl_alpha.9.png
[DEBUG]  Adding res/drawable-mdpi/abc_tab_indicator_mtrl_alpha.9.png
[DEBUG]  Adding res/drawable-mdpi/abc_textfield_activated_mtrl_alpha.9.png
[DEBUG]  Adding res/drawable-mdpi/abc_textfield_default_mtrl_alpha.9.png
[DEBUG]  Adding res/drawable-mdpi/abc_textfield_search_activated_mtrl_alpha.9.png
[DEBUG]  Adding res/drawable-mdpi/abc_textfield_search_default_mtrl_alpha.9.png
[DEBUG]  Adding res/drawable-mdpi/appicon.png
[DEBUG]  Adding res/drawable-xhdpi/abc_ab_share_pack_holo_dark.9.png
[DEBUG]  Adding res/drawable-xhdpi/abc_ab_share_pack_holo_light.9.png
[DEBUG]  Adding res/drawable-xhdpi/abc_btn_check_to_on_mtrl_000.png
[DEBUG]  Adding res/drawable-xhdpi/abc_btn_check_to_on_mtrl_015.png
[DEBUG]  Adding res/drawable-xhdpi/abc_btn_radio_to_on_mtrl_000.png
[DEBUG]  Adding res/drawable-xhdpi/abc_btn_radio_to_on_mtrl_015.png
[DEBUG]  Adding res/drawable-xhdpi/abc_btn_switch_to_on_mtrl_00001.9.png
[DEBUG]  Adding res/drawable-xhdpi/abc_btn_switch_to_on_mtrl_00012.9.png
[DEBUG]  Adding res/drawable-xhdpi/abc_cab_background_top_mtrl_alpha.9.png
[DEBUG]  Adding res/drawable-xhdpi/abc_ic_ab_back_mtrl_am_alpha.png
[DEBUG]  Adding res/drawable-xhdpi/abc_ic_clear_mtrl_alpha.png
[DEBUG]  Adding res/drawable-xhdpi/abc_ic_commit_search_api_mtrl_alpha.png
[DEBUG]  Adding res/drawable-xhdpi/abc_ic_go_search_api_mtrl_alpha.png
[DEBUG]  Adding res/drawable-xhdpi/abc_ic_menu_copy_mtrl_am_alpha.png
[DEBUG]  Adding res/drawable-xhdpi/abc_ic_menu_cut_mtrl_alpha.png
[DEBUG]  Adding res/drawable-xhdpi/abc_ic_menu_moreoverflow_mtrl_alpha.png
[DEBUG]  Adding res/drawable-xhdpi/abc_ic_menu_paste_mtrl_am_alpha.png
[DEBUG]  Adding res/drawable-xhdpi/abc_ic_menu_selectall_mtrl_alpha.png
[DEBUG]  Adding res/drawable-xhdpi/abc_ic_menu_share_mtrl_alpha.png
[DEBUG]  Adding res/drawable-xhdpi/abc_ic_search_api_mtrl_alpha.png
[DEBUG]  Adding res/drawable-xhdpi/abc_ic_voice_search_api_mtrl_alpha.png
[DEBUG]  Adding res/drawable-xhdpi/abc_list_divider_mtrl_alpha.9.png
[DEBUG]  Adding res/drawable-xhdpi/abc_list_focused_holo.9.png
[DEBUG]  Adding res/drawable-xhdpi/abc_list_longpressed_holo.9.png
[DEBUG]  Adding res/drawable-xhdpi/abc_list_pressed_holo_dark.9.png
[DEBUG]  Adding res/drawable-xhdpi/abc_list_pressed_holo_light.9.png
[DEBUG]  Adding res/drawable-xhdpi/abc_list_selector_disabled_holo_dark.9.png
[DEBUG]  Adding res/drawable-xhdpi/abc_list_selector_disabled_holo_light.9.png
[DEBUG]  Adding res/drawable-xhdpi/abc_menu_hardkey_panel_mtrl_mult.9.png
[DEBUG]  Adding res/drawable-xhdpi/abc_popup_background_mtrl_mult.9.png
[DEBUG]  Adding res/drawable-xhdpi/abc_spinner_mtrl_am_alpha.9.png
[DEBUG]  Adding res/drawable-xhdpi/abc_switch_track_mtrl_alpha.9.png
[DEBUG]  Adding res/drawable-xhdpi/abc_tab_indicator_mtrl_alpha.9.png
[DEBUG]  Adding res/drawable-xhdpi/abc_textfield_activated_mtrl_alpha.9.png
[DEBUG]  Adding res/drawable-xhdpi/abc_textfield_default_mtrl_alpha.9.png
[DEBUG]  Adding res/drawable-xhdpi/abc_textfield_search_activated_mtrl_alpha.9.png
[DEBUG]  Adding res/drawable-xhdpi/abc_textfield_search_default_mtrl_alpha.9.png
[DEBUG]  Adding res/drawable-xhdpi/appicon.png
[DEBUG]  Adding res/drawable-xxhdpi/abc_ab_share_pack_holo_dark.9.png
[DEBUG]  Adding res/drawable-xxhdpi/abc_ab_share_pack_holo_light.9.png
[DEBUG]  Adding res/drawable-xxhdpi/abc_btn_check_to_on_mtrl_000.png
[DEBUG]  Adding res/drawable-xxhdpi/abc_btn_check_to_on_mtrl_015.png
[DEBUG]  Adding res/drawable-xxhdpi/abc_btn_radio_to_on_mtrl_000.png
[DEBUG]  Adding res/drawable-xxhdpi/abc_btn_radio_to_on_mtrl_015.png
[DEBUG]  Adding res/drawable-xxhdpi/abc_btn_switch_to_on_mtrl_00001.9.png
[DEBUG]  Adding res/drawable-xxhdpi/abc_btn_switch_to_on_mtrl_00012.9.png
[DEBUG]  Adding res/drawable-xxhdpi/abc_cab_background_top_mtrl_alpha.9.png
[DEBUG]  Adding res/drawable-xxhdpi/abc_ic_ab_back_mtrl_am_alpha.png
[DEBUG]  Adding res/drawable-xxhdpi/abc_ic_clear_mtrl_alpha.png
[DEBUG]  Adding res/drawable-xxhdpi/abc_ic_commit_search_api_mtrl_alpha.png
[DEBUG]  Adding res/drawable-xxhdpi/abc_ic_go_search_api_mtrl_alpha.png
[DEBUG]  Adding res/drawable-xxhdpi/abc_ic_menu_copy_mtrl_am_alpha.png
[DEBUG]  Adding res/drawable-xxhdpi/abc_ic_menu_cut_mtrl_alpha.png
[DEBUG]  Adding res/drawable-xxhdpi/abc_ic_menu_moreoverflow_mtrl_alpha.png
[DEBUG]  Adding res/drawable-xxhdpi/abc_ic_menu_paste_mtrl_am_alpha.png
[DEBUG]  Adding res/drawable-xxhdpi/abc_ic_menu_selectall_mtrl_alpha.png
[DEBUG]  Adding res/drawable-xxhdpi/abc_ic_menu_share_mtrl_alpha.png
[DEBUG]  Adding res/drawable-xxhdpi/abc_ic_search_api_mtrl_alpha.png
[DEBUG]  Adding res/drawable-xxhdpi/abc_ic_voice_search_api_mtrl_alpha.png
[DEBUG]  Adding res/drawable-xxhdpi/abc_list_divider_mtrl_alpha.9.png
[DEBUG]  Adding res/drawable-xxhdpi/abc_list_focused_holo.9.png
[DEBUG]  Adding res/drawable-xxhdpi/abc_list_longpressed_holo.9.png
[DEBUG]  Adding res/drawable-xxhdpi/abc_list_pressed_holo_dark.9.png
[DEBUG]  Adding res/drawable-xxhdpi/abc_list_pressed_holo_light.9.png
[DEBUG]  Adding res/drawable-xxhdpi/abc_list_selector_disabled_holo_dark.9.png
[DEBUG]  Adding res/drawable-xxhdpi/abc_list_selector_disabled_holo_light.9.png
[DEBUG]  Adding res/drawable-xxhdpi/abc_menu_hardkey_panel_mtrl_mult.9.png
[DEBUG]  Adding res/drawable-xxhdpi/abc_popup_background_mtrl_mult.9.png
[DEBUG]  Adding res/drawable-xxhdpi/abc_spinner_mtrl_am_alpha.9.png
[DEBUG]  Adding res/drawable-xxhdpi/abc_switch_track_mtrl_alpha.9.png
[DEBUG]  Adding res/drawable-xxhdpi/abc_tab_indicator_mtrl_alpha.9.png
[DEBUG]  Adding res/drawable-xxhdpi/abc_textfield_activated_mtrl_alpha.9.png
[DEBUG]  Adding res/drawable-xxhdpi/abc_textfield_default_mtrl_alpha.9.png
[DEBUG]  Adding res/drawable-xxhdpi/abc_textfield_search_activated_mtrl_alpha.9.png
[DEBUG]  Adding res/drawable-xxhdpi/abc_textfield_search_default_mtrl_alpha.9.png
[DEBUG]  Adding res/drawable-xxhdpi/appicon.png
[DEBUG]  Adding res/drawable-xxxhdpi/abc_btn_check_to_on_mtrl_000.png
[DEBUG]  Adding res/drawable-xxxhdpi/abc_btn_check_to_on_mtrl_015.png
[DEBUG]  Adding res/drawable-xxxhdpi/abc_btn_radio_to_on_mtrl_000.png
[DEBUG]  Adding res/drawable-xxxhdpi/abc_btn_radio_to_on_mtrl_015.png
[DEBUG]  Adding res/drawable-xxxhdpi/abc_btn_switch_to_on_mtrl_00001.9.png
[DEBUG]  Adding res/drawable-xxxhdpi/abc_btn_switch_to_on_mtrl_00012.9.png
[DEBUG]  Adding res/drawable-xxxhdpi/abc_ic_ab_back_mtrl_am_alpha.png
[DEBUG]  Adding res/drawable-xxxhdpi/abc_ic_clear_mtrl_alpha.png
[DEBUG]  Adding res/drawable-xxxhdpi/abc_ic_menu_copy_mtrl_am_alpha.png
[DEBUG]  Adding res/drawable-xxxhdpi/abc_ic_menu_cut_mtrl_alpha.png
[DEBUG]  Adding res/drawable-xxxhdpi/abc_ic_menu_moreoverflow_mtrl_alpha.png
[DEBUG]  Adding res/drawable-xxxhdpi/abc_ic_menu_paste_mtrl_am_alpha.png
[DEBUG]  Adding res/drawable-xxxhdpi/abc_ic_menu_selectall_mtrl_alpha.png
[DEBUG]  Adding res/drawable-xxxhdpi/abc_ic_search_api_mtrl_alpha.png
[DEBUG]  Adding res/drawable-xxxhdpi/abc_ic_voice_search_api_mtrl_alpha.png
[DEBUG]  Adding res/drawable-xxxhdpi/abc_spinner_mtrl_am_alpha.9.png
[DEBUG]  Adding res/drawable-xxxhdpi/abc_switch_track_mtrl_alpha.9.png
[DEBUG]  Adding res/drawable-xxxhdpi/abc_tab_indicator_mtrl_alpha.9.png
[DEBUG]  Adding res/drawable-xxxhdpi/appicon.png
[DEBUG]  Adding res/drawable-long-land-hdpi/background.png
[DEBUG]  Adding res/drawable-long-land-ldpi/background.png
[DEBUG]  Adding res/drawable-long-port-hdpi/background.png
[DEBUG]  Adding res/drawable-long-port-ldpi/background.png
[DEBUG]  Adding res/drawable-notlong-land-hdpi/background.png
[DEBUG]  Adding res/drawable-notlong-land-ldpi/background.png
[DEBUG]  Adding res/drawable-notlong-land-mdpi/background.png
[DEBUG]  Adding res/drawable-notlong-port-hdpi/background.png
[DEBUG]  Adding res/drawable-notlong-port-ldpi/background.png
[DEBUG]  Adding res/drawable-notlong-port-mdpi/background.png
[DEBUG]  Adding res/drawable-ldrtl-hdpi/abc_ic_ab_back_mtrl_am_alpha.png
[DEBUG]  Adding res/drawable-ldrtl-hdpi/abc_ic_menu_copy_mtrl_am_alpha.png
[DEBUG]  Adding res/drawable-ldrtl-hdpi/abc_ic_menu_cut_mtrl_alpha.png
[DEBUG]  Adding res/drawable-ldrtl-hdpi/abc_spinner_mtrl_am_alpha.9.png
[DEBUG]  Adding res/drawable-ldrtl-mdpi/abc_ic_ab_back_mtrl_am_alpha.png
[DEBUG]  Adding res/drawable-ldrtl-mdpi/abc_ic_menu_copy_mtrl_am_alpha.png
[DEBUG]  Adding res/drawable-ldrtl-mdpi/abc_ic_menu_cut_mtrl_alpha.png
[DEBUG]  Adding res/drawable-ldrtl-mdpi/abc_spinner_mtrl_am_alpha.9.png
[DEBUG]  Adding res/drawable-ldrtl-xhdpi/abc_ic_ab_back_mtrl_am_alpha.png
[DEBUG]  Adding res/drawable-ldrtl-xhdpi/abc_ic_menu_copy_mtrl_am_alpha.png
[DEBUG]  Adding res/drawable-ldrtl-xhdpi/abc_ic_menu_cut_mtrl_alpha.png
[DEBUG]  Adding res/drawable-ldrtl-xhdpi/abc_spinner_mtrl_am_alpha.9.png
[DEBUG]  Adding res/drawable-ldrtl-xxhdpi/abc_ic_ab_back_mtrl_am_alpha.png
[DEBUG]  Adding res/drawable-ldrtl-xxhdpi/abc_ic_menu_copy_mtrl_am_alpha.png
[DEBUG]  Adding res/drawable-ldrtl-xxhdpi/abc_ic_menu_cut_mtrl_alpha.png
[DEBUG]  Adding res/drawable-ldrtl-xxhdpi/abc_spinner_mtrl_am_alpha.9.png
[DEBUG]  Adding res/drawable-ldrtl-xxxhdpi/abc_ic_ab_back_mtrl_am_alpha.png
[DEBUG]  Adding res/drawable-ldrtl-xxxhdpi/abc_ic_menu_copy_mtrl_am_alpha.png
[DEBUG]  Adding res/drawable-ldrtl-xxxhdpi/abc_ic_menu_cut_mtrl_alpha.png
[DEBUG]  Adding res/drawable-ldrtl-xxxhdpi/abc_spinner_mtrl_am_alpha.9.png
[DEBUG]  Processing /Users/Mobile/Library/Application Support/Titanium/mobilesdk/osx/4.0.0.GA/android/kroll-v8.jar
[DEBUG]  Processing /Users/Mobile/Library/Application Support/Titanium/mobilesdk/osx/4.0.0.GA/android/modules/titanium-analytics.jar
[DEBUG]  Processing /Users/Mobile/Library/Application Support/Titanium/mobilesdk/osx/4.0.0.GA/android/aps-analytics.jar
[DEBUG]  Processing /Users/Mobile/Library/Application Support/Titanium/mobilesdk/osx/4.0.0.GA/android/modules/titanium-android.jar
[DEBUG]  Processing /Users/Mobile/Library/Application Support/Titanium/mobilesdk/osx/4.0.0.GA/android/jaxen-1.1.1.jar
[DEBUG]  Processing /Users/Mobile/Library/Application Support/Titanium/mobilesdk/osx/4.0.0.GA/android/ti-commons-codec-1.3.jar
[DEBUG]  Processing /Users/Mobile/Library/Application Support/Titanium/mobilesdk/osx/4.0.0.GA/android/kroll-common.jar
[DEBUG]  Processing /Users/Mobile/Library/Application Support/Titanium/mobilesdk/osx/4.0.0.GA/android/titanium.jar
[DEBUG]  Deflating org/appcelerator/titanium/build.properties
[DEBUG]  Adding org/appcelerator/titanium/res/drawable/background.png
[DEBUG]  Adding org/appcelerator/titanium/res/drawable/btn_check_buttonless_on.png
[DEBUG]  Adding org/appcelerator/titanium/res/drawable/btn_check_buttonless_on_100.png
[DEBUG]  Adding org/appcelerator/titanium/res/drawable/btn_check_buttonless_on_18.png
[DEBUG]  Adding org/appcelerator/titanium/res/drawable/btn_check_buttonless_on_48.png
[DEBUG]  Adding org/appcelerator/titanium/res/drawable/btn_check_buttonless_on_64.png
[DEBUG]  Adding org/appcelerator/titanium/res/drawable/btn_more.png
[DEBUG]  Adding org/appcelerator/titanium/res/drawable/btn_more_100.png
[DEBUG]  Adding org/appcelerator/titanium/res/drawable/btn_more_18.png
[DEBUG]  Adding org/appcelerator/titanium/res/drawable/btn_more_48.png
[DEBUG]  Adding org/appcelerator/titanium/res/drawable/btn_more_64.png
[DEBUG]  Adding org/appcelerator/titanium/res/drawable/btn_picker_normal.9.png
[DEBUG]  Adding org/appcelerator/titanium/res/drawable/btn_picker_pressed.9.png
[DEBUG]  Adding org/appcelerator/titanium/res/drawable/btn_picker_selected.9.png
[DEBUG]  Adding org/appcelerator/titanium/res/drawable/default_icon.png
[DEBUG]  Adding org/appcelerator/titanium/res/drawable/photoDefault.png
[DEBUG]  Processing /Users/Mobile/Library/Application Support/Titanium/mobilesdk/osx/4.0.0.GA/android/modules/titanium-app.jar
[DEBUG]  Processing /Users/Mobile/Library/Application Support/Titanium/mobilesdk/osx/4.0.0.GA/android/modules/titanium-ui.jar
[DEBUG]  Deflating ti/modules/titanium/ui/widget/webview/binding.js
[DEBUG]  Deflating ti/modules/titanium/ui/widget/webview/binding.min.js
[DEBUG]  Deflating ti/modules/titanium/ui/widget/webview/json2.js
[DEBUG]  Deflating ti/modules/titanium/ui/widget/webview/polling.js
[DEBUG]  Deflating ti/modules/titanium/ui/widget/webview/polling.min.js
[DEBUG]  Processing /Users/Mobile/Library/Application Support/Titanium/mobilesdk/osx/4.0.0.GA/android/nineoldandroids-appc-2.4.0.jar
[DEBUG]  Processing /Users/Mobile/Library/Application Support/Titanium/mobilesdk/osx/4.0.0.GA/android/modules/titanium-filesystem.jar
[DEBUG]  Processing /Users/Mobile/Library/Application Support/Titanium/mobilesdk/osx/4.0.0.GA/android/modules/titanium-media.jar
[DEBUG]  Processing /Users/Mobile/Library/Application Support/Titanium/mobilesdk/osx/4.0.0.GA/android/modules/titanium-appcompat.jar
[DEBUG]  Processing /Users/Mobile/Library/Application Support/Titanium/mobilesdk/osx/4.0.0.GA/android/android-support-v4.jar
[DEBUG]  Processing /Users/Mobile/Library/Application Support/Titanium/mobilesdk/osx/4.0.0.GA/android/android-support-v7-appcompat.jar
[DEBUG]  Processing /Users/Mobile/Library/Application Support/Titanium/mobilesdk/osx/4.0.0.GA/android/modules/titanium-locale.jar
[DEBUG]  Processing /Users/Mobile/Library/Application Support/Titanium/mobilesdk/osx/4.0.0.GA/android/modules/titanium-network.jar
[DEBUG]  Processing /Users/Mobile/Library/Application Support/Titanium/mobilesdk/osx/4.0.0.GA/android/thirdparty.jar
[DEBUG]  Deflating org/apache/Commons-NOTICE.txt
[DEBUG]  Deflating org/apache/HttpComponents-NOTICE.txt
[DEBUG]  Deflating org/apache/mime4j-NOTICE.txt
[DEBUG]  Processing /Users/Mobile/Library/Application Support/Titanium/mobilesdk/osx/4.0.0.GA/android/modules/titanium-xml.jar
[DEBUG]  Processing /Users/Mobile/Library/Application Support/Titanium/mobilesdk/osx/4.0.0.GA/android/modules/titanium-utils.jar
[DEBUG]  Processing /Users/Mobile/Library/Application Support/Titanium/mobilesdk/osx/4.0.0.GA/android/modules/titanium-geolocation.jar
[DEBUG]  Processing /Users/Mobile/Library/Application Support/Titanium/mobilesdk/osx/4.0.0.GA/android/modules/titanium-accelerometer.jar
[DEBUG]  Processing /Users/Mobile/Library/Application Support/Titanium/mobilesdk/osx/4.0.0.GA/android/modules/titanium-contacts.jar
[DEBUG]  Processing /Users/Mobile/Library/Application Support/Titanium/mobilesdk/osx/4.0.0.GA/android/modules/titanium-map.jar
[DEBUG]  Processing /Users/Mobile/Library/Application Support/Titanium/mobilesdk/osx/4.0.0.GA/android/modules/titanium-gesture.jar
[DEBUG]  Processing /Users/Mobile/Library/Application Support/Titanium/mobilesdk/osx/4.0.0.GA/android/modules/titanium-calendar.jar
[DEBUG]  Processing /Users/Mobile/Library/Application Support/Titanium/mobilesdk/osx/4.0.0.GA/android/modules/titanium-platform.jar
[DEBUG]  Processing /Users/Mobile/Library/Application Support/Titanium/mobilesdk/osx/4.0.0.GA/android/modules/titanium-database.jar
[DEBUG]  Adding classes.dex
[INFO]   Processing /Users/Mobile/Documents/Appcelerator_Studio_Workspace/TesteMaterial/build/android/src
[DEBUG]  Adding lib/armeabi/libkroll-v8.so
[DEBUG]  Adding lib/armeabi/libstlport_shared.so
[DEBUG]  Adding lib/armeabi/libtiverify.so
[DEBUG]  Adding lib/armeabi-v7a/libkroll-v8.so
[DEBUG]  Adding lib/armeabi-v7a/libstlport_shared.so
[DEBUG]  Adding lib/armeabi-v7a/libtiverify.so
[DEBUG]  Adding lib/x86/libkroll-v8.so
[DEBUG]  Adding lib/x86/libstlport_shared.so
[DEBUG]  Adding lib/x86/libtiverify.so
[INFO]   Writing unsigned apk: /Users/Mobile/Documents/Appcelerator_Studio_Workspace/TesteMaterial/build/android/bin/app-unsigned.apk
[INFO]   Using MD5withRSA signature algorithm
[INFO]   Signing apk: /Library/Java/JavaVirtualMachines/jdk1.7.0_80.jdk/Contents/Home/bin/jarsigner "-sigalg" "MD5withRSA" "-digestalg" "SHA1" "-keystore" "/Users/Mobile/Library/Application Support/Titanium/mobilesdk/osx/4.0.0.GA/android/dev_keystore" "-storepass" "*******" "-signedjar" "/Users/Mobile/Documents/Appcelerator_Studio_Workspace/TesteMaterial/build/android/bin/TesteMaterial.apk" "/Users/Mobile/Documents/Appcelerator_Studio_Workspace/TesteMaterial/build/android/bin/app-unsigned.apk" "tidev"
[INFO]   Aligning zip file: /Users/Mobile/Documents/android-sdk-macosx/build-tools/20.0.0/zipalign "-v" "4" "/Users/Mobile/Documents/Appcelerator_Studio_Workspace/TesteMaterial/build/android/bin/TesteMaterial.apk" "/Users/Mobile/Documents/Appcelerator_Studio_Workspace/TesteMaterial/build/android/bin/TesteMaterial.apkz"
[INFO]   Writing build manifest: /Users/Mobile/Documents/Appcelerator_Studio_Workspace/TesteMaterial/build/android/build-manifest.json
[INFO]   Making sure the adb server is running
[INFO]   Installing apk: /Users/Mobile/Documents/Appcelerator_Studio_Workspace/TesteMaterial/build/android/bin/TesteMaterial.apk
[TRACE]  Checking if package manager service is started
[TRACE]  Package manager has started
[TRACE]  Executing: /Users/Mobile/Documents/android-sdk-macosx/platform-tools/adb -s 192.168.56.101:5555 install -r /Users/Mobile/Documents/Appcelerator_Studio_Workspace/TesteMaterial/build/android/bin/TesteMaterial.apk
[INFO]   App successfully installed
[INFO]   Starting app: com.teste.material.guido/.TestematerialActivity
[DEBUG]  Trying to start the app...
[INFO]   Application pid: 5172
[INFO]   Project built successfully in 1m 1s 429ms
